<?xml version="1.0" encoding="UTF-8"?>
<!-- Generated by org.testng.reporters.JUnitReportReporter -->
<testsuite skipped="0" hostname="LAPTOP-OFIJ2E99" name="Selenium_Grid_Concept.Crmpro_Grid2" tests="1" failures="0" timestamp="2020-03-07T21:04:15 EST" time="18.131" errors="0">
  <testcase name="pageTitleTest" time="18.131" classname="Selenium_Grid_Concept.Crmpro_Grid2"/>
</testsuite> <!-- Selenium_Grid_Concept.Crmpro_Grid2 -->
